DEBUG :conan_api.py   [176]: INIT: Using config '/home/ubuntu/.conan/conan.conf' [2022-07-28 11:25:16,844]
DEBUG :tracer.py      [156]: CONAN_API: create(name=None,version=14.0.6,user=intellisectest+intellisectest-application,channel=stable,profile_names=None,settings=None,conf=None,options=None,env=None,test_folder=None,not_export=False,build_modes=['missing'],keep_source=False,keep_build=False,verify=None,manifests=None,manifests_interactive=None,remote_name=None,update=False,test_build_folder=None,lockfile=None,lockfile_out=None,ignore_dirty=False,profile_build=ProfileData(profiles=None, settings=None, options=None, env=None, conf=None),is_build_require=False,require_overrides=None) [2022-07-28 11:25:16,845]
DEBUG :profile_loader.py[120]: PROFILE LOAD: /home/ubuntu/.conan/profiles/default [2022-07-28 11:25:16,847]
DEBUG :profile_loader.py[120]: PROFILE LOAD: /home/ubuntu/.conan/profiles/default [2022-07-28 11:25:16,894]
DEBUG :export.py      [114]: EXPORT: /home/ubuntu/git/itst-develop/02_sa/intellisec-sast/tooling/conan/llvm/conanfile.py [2022-07-28 11:25:16,915]
Exporting package recipe
llvm/14.0.6@intellisectest+intellisectest-application/stable exports: File 'conandata.yml' found. Exporting it...
llvm/14.0.6@intellisectest+intellisectest-application/stable exports: Copied 1 '.yml' file: conandata.yml
llvm/14.0.6@intellisectest+intellisectest-application/stable exports_sources: Copied 2 '.patch' files: calculate_job_pools.patch, calculate_job_pools.patch
llvm/14.0.6@intellisectest+intellisectest-application/stable: A new conanfile.py version was exported
llvm/14.0.6@intellisectest+intellisectest-application/stable: Folder: /home/ubuntu/.conan/data/llvm/14.0.6/intellisectest+intellisectest-application/stable/export
llvm/14.0.6@intellisectest+intellisectest-application/stable: Exported revision: 4f00ec8c27a1d3cf33dd70dd84b349d7
Configuration:
[settings]
arch=x86_64
arch_build=x86_64
build_type=Release
compiler=clang
compiler.libcxx=libstdc++11
compiler.version=14
os=Linux
os_build=Linux
[options]
[build_requires]
[env]

DEBUG :graph_builder.py[460]: GRAPH: new_node: llvm/14.0.6@intellisectest+intellisectest-application/stable [2022-07-28 11:25:16,936]
DEBUG :graph_builder.py[68]: GRAPH: Time to load deps 0.011348962783813477 [2022-07-28 11:25:16,937]
DEBUG :rest_client_common.py[160]: REST: ping: https://center.conan.io/v1/ping [2022-07-28 11:25:16,939]
DEBUG :rest_client.py [58]: REST: Cached capabilities for the remote: ['complex_search', 'checksum_deploy', 'revisions', 'matrix_params'] [2022-07-28 11:25:17,124]
DEBUG :rest_client_common.py[188]: REST: get: https://center.conan.io/v1/conans/llvm/14.0.6/intellisectest+intellisectest-application/stable/packages/0c08617941e1fd8086a2a8ec99cd05cf36b19eef/download_urls [2022-07-28 11:25:17,126]
DEBUG :rest_client_common.py[30]: REST ERROR: <class 'conans.errors.NotFoundException'> [2022-07-28 11:25:17,249]
DEBUG :rest_client_common.py[160]: REST: ping: https://gitlab.cc-asp.fraunhofer.de/api/v4/projects/16796/packages/conan/v1/ping [2022-07-28 11:25:17,252]
DEBUG :rest_client.py [58]: REST: Cached capabilities for the remote: [] [2022-07-28 11:25:17,393]
DEBUG :rest_client_common.py[188]: REST: get: https://gitlab.cc-asp.fraunhofer.de/api/v4/projects/16796/packages/conan/v1/conans/llvm/14.0.6/intellisectest+intellisectest-application/stable/packages/0c08617941e1fd8086a2a8ec99cd05cf36b19eef/download_urls [2022-07-28 11:25:17,395]
DEBUG :rest_client_common.py[30]: REST ERROR: <class 'conans.errors.NotFoundException'> [2022-07-28 11:25:17,454]
DEBUG :graph_builder.py[460]: GRAPH: new_node: cmake/3.21.3 [2022-07-28 11:25:17,463]
DEBUG :graph_builder.py[460]: GRAPH: new_node: openssl/1.1.1l [2022-07-28 11:25:17,481]
llvm/14.0.6@intellisectest+intellisectest-application/stable (test package): Installing package
Requirements
    llvm/14.0.6@intellisectest+intellisectest-application/stable from local cache - Cache
Packages
    llvm/14.0.6@intellisectest+intellisectest-application/stable:0c08617941e1fd8086a2a8ec99cd05cf36b19eef - Build
Build requirements
    cmake/3.21.3 from 'conancenter' - Cache
    openssl/1.1.1l from 'conancenter' - Cache
Build requirements packages
    cmake/3.21.3:5c09c752508b674ca5cb1f2d327b5a2d582866c8 - Cache
    openssl/1.1.1l:24d596ecc3e7cfef35630620092c5615473ba82a - Cache

Installing (downloading, building) binaries...
openssl/1.1.1l: Already installed!
cmake/3.21.3: Already installed!
cmake/3.21.3: Appending PATH environment variable: /home/ubuntu/.conan/data/cmake/3.21.3/_/_/package/5c09c752508b674ca5cb1f2d327b5a2d582866c8/bin
llvm/14.0.6@intellisectest+intellisectest-application/stable: Applying build-requirement: cmake/3.21.3
llvm/14.0.6@intellisectest+intellisectest-application/stable: Applying build-requirement: openssl/1.1.1l
llvm/14.0.6@intellisectest+intellisectest-application/stable: Configuring sources in /home/ubuntu/.conan/data/llvm/14.0.6/intellisectest+intellisectest-application/stable/source
DEBUG :file_downloader.py[130]: DOWNLOAD: https://github.com/llvm/llvm-project/archive/refs/tags/llvmorg-14.0.6.tar.gz [2022-07-28 11:25:18,403]

llvm/14.0.6@intellisectest+intellisectest-application/stable: Building your package in /home/ubuntu/.conan/data/llvm/14.0.6/intellisectest+intellisectest-application/stable/build/0c08617941e1fd8086a2a8ec99cd05cf36b19eef
INFO  :installer.py   [133]: GENERATORS: Writing generators [2022-07-28 11:26:14,076]
llvm/14.0.6@intellisectest+intellisectest-application/stable: Generator cmake_find_package created Findcmake.cmake
llvm/14.0.6@intellisectest+intellisectest-application/stable: Generator cmake_find_package created FindOpenSSL.cmake
INFO  :installer.py   [137]: TOOLCHAIN: Writing toolchain [2022-07-28 11:26:14,080]
llvm/14.0.6@intellisectest+intellisectest-application/stable: Aggregating env generators
DEBUG :build.py       [11]: Call conanfile.build() with files in build folder: ['FindOpenSSL.cmake', 'Findcmake.cmake'] [2022-07-28 11:26:14,081]
llvm/14.0.6@intellisectest+intellisectest-application/stable: Calling build()
llvm/14.0.6@intellisectest+intellisectest-application/stable: Enabled LLVM subprojects: clang, clang-tools-extra, libc, libclc
llvm/14.0.6@intellisectest+intellisectest-application/stable: Enabled LLVM runtimes: compiler-rt, libc, libcxx, libcxxabi, libunwind, openmp
INFO  :cmake_flags.py [282]: Setting Cross build flags:  [2022-07-28 11:26:14,104]

----Running------
> cd '/home/ubuntu/.conan/data/llvm/14.0.6/intellisectest+intellisectest-application/stable/build/0c08617941e1fd8086a2a8ec99cd05cf36b19eef' && cmake -G "Ninja" -DCMAKE_BUILD_TYPE="Release" -DCONAN_IN_LOCAL_CACHE="ON" -DCONAN_COMPILER="clang" -DCONAN_COMPILER_VERSION="14" -DCONAN_CXX_FLAGS="-m64" -DCONAN_SHARED_LINKER_FLAGS="-m64" -DCONAN_C_FLAGS="-m64" -DCONAN_LIBCXX="libstdc++11" -DBUILD_SHARED_LIBS="OFF" -DCMAKE_INSTALL_PREFIX="/home/ubuntu/.conan/data/llvm/14.0.6/intellisectest+intellisectest-application/stable/package/0c08617941e1fd8086a2a8ec99cd05cf36b19eef" -DCMAKE_INSTALL_BINDIR="bin" -DCMAKE_INSTALL_SBINDIR="bin" -DCMAKE_INSTALL_LIBEXECDIR="bin" -DCMAKE_INSTALL_LIBDIR="lib" -DCMAKE_INSTALL_INCLUDEDIR="include" -DCMAKE_INSTALL_OLDINCLUDEDIR="include" -DCMAKE_INSTALL_DATAROOTDIR="share" -DCONAN_CMAKE_POSITION_INDEPENDENT_CODE="ON" -DCMAKE_MODULE_PATH="/home/ubuntu/.conan/data/llvm/14.0.6/intellisectest+intellisectest-application/stable/build/0c08617941e1fd8086a2a8ec99cd05cf36b19eef" -DCMAKE_EXPORT_NO_PACKAGE_REGISTRY="ON" -DCONAN_EXPORTED="1" -Wno-dev -DBUILD_SHARED_LIBS="False" -DCMAKE_SKIP_RPATH="True" -DCMAKE_POSITION_INDEPENDENT_CODE="True" -DLLVM_TARGET_ARCH="host" -DLLVM_TARGETS_TO_BUILD="all" -DLLVM_BUILD_LLVM_DYLIB="False" -DLLVM_DYLIB_COMPONENTS="all" -DLLVM_ENABLE_PIC="True" -DLLVM_ABI_BREAKING_CHECKS="WITH_ASSERTS" -DLLVM_ENABLE_WARNINGS="True" -DLLVM_ENABLE_PEDANTIC="True" -DLLVM_ENABLE_WERROR="False" -DLLVM_TEMPORARILY_ALLOW_OLD_TOOLCHAIN="True" -DLLVM_USE_RELATIVE_PATHS_IN_DEBUG_INFO="False" -DLLVM_BUILD_INSTRUMENTED_COVERAGE="False" -DLLVM_OPTIMIZED_TABLEGEN="True" -DLLVM_REVERSE_ITERATION="False" -DLLVM_ENABLE_BINDINGS="False" -DLLVM_CCACHE_BUILD="False" -DLLVM_INCLUDE_TOOLS="False" -DLLVM_INCLUDE_EXAMPLES="False" -DLLVM_INCLUDE_TESTS="False" -DLLVM_INCLUDE_BENCHMARKS="False" -DLLVM_APPEND_VC_REV="False" -DLLVM_BUILD_DOCS="False" -DLLVM_ENABLE_IDE="False" -DLLVM_ENABLE_TERMINFO="False" -DLLVM_ENABLE_EH="True" -DLLVM_ENABLE_RTTI="True" -DLLVM_ENABLE_THREADS="True" -DLLVM_ENABLE_LTO="Off" -DLLVM_STATIC_LINK_CXX_STDLIB="False" -DLLVM_ENABLE_UNWIND_TABLES="True" -DLLVM_ENABLE_EXPENSIVE_CHECKS="False" -DLLVM_ENABLE_ASSERTIONS="False" -DLLVM_USE_NEWPM="False" -DLLVM_USE_OPROFILE="False" -DLLVM_USE_PERF="False" -DLLVM_ENABLE_Z3_SOLVER="False" -DLLVM_ENABLE_LIBPFM="False" -DLLVM_ENABLE_LIBEDIT="False" -DLLVM_ENABLE_FFI="False" -DLLVM_ENABLE_ZLIB="True" -DLLVM_ENABLE_LIBXML2="True" -DLLVM_ENABLE_PROJECTS="clang;clang-tools-extra;libc;libclc" -DLLVM_ENABLE_RUNTIMES="compiler-rt;libc;libcxx;libcxxabi;libunwind;openmp" '/home/ubuntu/.conan/data/llvm/14.0.6/intellisectest+intellisectest-application/stable/source/source/llvm'
-----------------
-- The C compiler identification is Clang 14.0.6
-- The CXX compiler identification is Clang 14.0.6
-- The ASM compiler identification is Clang
-- Found assembler: /usr/local/bin/clang-14
-- Detecting C compiler ABI info
-- Detecting C compiler ABI info - done
-- Check for working C compiler: /usr/local/bin/clang-14 - skipped
-- Detecting C compile features
-- Detecting C compile features - done
-- Detecting CXX compiler ABI info
-- Detecting CXX compiler ABI info - done
-- Check for working CXX compiler: /usr/local/bin/clang++ - skipped
-- Detecting CXX compile features
-- Detecting CXX compile features - done
-- bolt project is disabled
-- clang project is enabled
-- clang-tools-extra project is enabled
-- compiler-rt project is disabled
-- cross-project-tests project is disabled
-- libc project is enabled
-- libclc project is enabled
-- libcxx project is disabled
-- libcxxabi project is disabled
-- libunwind project is disabled
-- lld project is disabled
-- lldb project is disabled
-- mlir project is disabled
-- openmp project is disabled
-- polly project is disabled
-- pstl project is disabled
-- flang project is disabled
-- Performing Test LLVM_LIBSTDCXX_MIN
-- Performing Test LLVM_LIBSTDCXX_MIN - Success
-- Performing Test LLVM_LIBSTDCXX_SOFT_ERROR
-- Performing Test LLVM_LIBSTDCXX_SOFT_ERROR - Success
-- Looking for dlfcn.h
-- Looking for dlfcn.h - found
-- Looking for errno.h
-- Looking for errno.h - found
-- Looking for fcntl.h
-- Looking for fcntl.h - found
-- Looking for link.h
-- Looking for link.h - found
-- Looking for malloc/malloc.h
-- Looking for malloc/malloc.h - not found
-- Looking for pthread.h
-- Looking for pthread.h - found
-- Looking for signal.h
-- Looking for signal.h - found
-- Looking for sys/ioctl.h
-- Looking for sys/ioctl.h - found
-- Looking for sys/mman.h
-- Looking for sys/mman.h - found
-- Looking for sys/param.h
-- Looking for sys/param.h - found
-- Looking for sys/resource.h
-- Looking for sys/resource.h - found
-- Looking for sys/stat.h
-- Looking for sys/stat.h - found
-- Looking for sys/time.h
-- Looking for sys/time.h - found
-- Looking for sys/types.h
-- Looking for sys/types.h - found
-- Looking for sysexits.h
-- Looking for sysexits.h - found
-- Looking for termios.h
-- Looking for termios.h - found
-- Looking for unistd.h
-- Looking for unistd.h - found
-- Looking for valgrind/valgrind.h
-- Looking for valgrind/valgrind.h - not found
-- Looking for fenv.h
-- Looking for fenv.h - found
-- Looking for FE_ALL_EXCEPT
-- Looking for FE_ALL_EXCEPT - found
-- Looking for FE_INEXACT
-- Looking for FE_INEXACT - found
-- Looking for mach/mach.h
-- Looking for mach/mach.h - not found
-- Looking for histedit.h
-- Looking for histedit.h - not found
-- Looking for CrashReporterClient.h
-- Looking for CrashReporterClient.h - not found
-- Looking for linux/magic.h
-- Looking for linux/magic.h - found
-- Looking for pthread_create in pthread
-- Looking for pthread_create in pthread - found
-- Looking for pthread_getspecific in pthread
-- Looking for pthread_getspecific in pthread - found
-- Looking for pthread_rwlock_init in pthread
-- Looking for pthread_rwlock_init in pthread - found
-- Looking for pthread_mutex_lock in pthread
-- Looking for pthread_mutex_lock in pthread - found
-- Looking for dlopen in dl
-- Looking for dlopen in dl - found
-- Looking for clock_gettime in rt
-- Looking for clock_gettime in rt - found
-- Looking for pthread.h
-- Looking for pthread.h - found
-- Performing Test CMAKE_HAVE_LIBC_PTHREAD
-- Performing Test CMAKE_HAVE_LIBC_PTHREAD - Failed
-- Looking for pthread_create in pthreads
-- Looking for pthread_create in pthreads - not found
-- Looking for pthread_create in pthread
-- Looking for pthread_create in pthread - found
-- Found Threads: TRUE  
-- Could NOT find ZLIB (missing: ZLIB_LIBRARY) (found version "1.2.11")
-- Could NOT find LibXml2 (missing: LIBXML2_LIBRARY LIBXML2_INCLUDE_DIR) 
-- Looking for xar_open in xar
-- Looking for xar_open in xar - not found
-- Looking for arc4random
-- Looking for arc4random - not found
-- Looking for backtrace
-- Looking for backtrace - found
-- backtrace facility detected in default set of libraries
-- Found Backtrace: /usr/include  
-- Performing Test C_SUPPORTS_WERROR_UNGUARDED_AVAILABILITY_NEW
-- Performing Test C_SUPPORTS_WERROR_UNGUARDED_AVAILABILITY_NEW - Success
-- Looking for __register_frame
-- Looking for __register_frame - found
-- Looking for __deregister_frame
-- Looking for __deregister_frame - found
-- Looking for __unw_add_dynamic_fde
-- Looking for __unw_add_dynamic_fde - not found
-- Looking for _Unwind_Backtrace
-- Looking for _Unwind_Backtrace - found
-- Looking for getpagesize
-- Looking for getpagesize - found
-- Looking for sysconf
-- Looking for sysconf - found
-- Looking for getrusage
-- Looking for getrusage - found
-- Looking for setrlimit
-- Looking for setrlimit - found
-- Looking for isatty
-- Looking for isatty - found
-- Looking for futimens
-- Looking for futimens - found
-- Looking for futimes
-- Looking for futimes - found
-- Looking for sigaltstack
-- Looking for sigaltstack - found
-- Looking for lseek64
-- Looking for lseek64 - found
-- Looking for mallctl
-- Looking for mallctl - not found
-- Looking for mallinfo
-- Looking for mallinfo - found
-- Looking for mallinfo2
-- Looking for mallinfo2 - not found
-- Looking for malloc_zone_statistics
-- Looking for malloc_zone_statistics - not found
-- Looking for getrlimit
-- Looking for getrlimit - found
-- Looking for posix_spawn
-- Looking for posix_spawn - found
-- Looking for pread
-- Looking for pread - found
-- Looking for sbrk
-- Looking for sbrk - found
-- Looking for strerror
-- Looking for strerror - found
-- Looking for strerror_r
-- Looking for strerror_r - found
-- Looking for strerror_s
-- Looking for strerror_s - not found
-- Looking for setenv
-- Looking for setenv - found
-- Looking for dlopen
-- Looking for dlopen - found
-- Looking for dladdr
-- Looking for dladdr - not found
-- Performing Test HAVE_STRUCT_STAT_ST_MTIMESPEC_TV_NSEC
-- Performing Test HAVE_STRUCT_STAT_ST_MTIMESPEC_TV_NSEC - Failed
-- Performing Test HAVE_STRUCT_STAT_ST_MTIM_TV_NSEC
-- Performing Test HAVE_STRUCT_STAT_ST_MTIM_TV_NSEC - Success
-- Looking for __GLIBC__
-- Looking for __GLIBC__ - found
-- Looking for pthread_getname_np
-- Looking for pthread_getname_np - found
-- Looking for pthread_setname_np
-- Looking for pthread_setname_np - found
-- Looking for proc_pid_rusage
-- Looking for proc_pid_rusage - not found
-- Performing Test HAVE_STD_IS_TRIVIALLY_COPYABLE
-- Performing Test HAVE_STD_IS_TRIVIALLY_COPYABLE - Success
-- Performing Test HAVE_CXX_ATOMICS_WITHOUT_LIB
-- Performing Test HAVE_CXX_ATOMICS_WITHOUT_LIB - Success
-- Performing Test HAVE_CXX_ATOMICS64_WITHOUT_LIB
-- Performing Test HAVE_CXX_ATOMICS64_WITHOUT_LIB - Success
-- Performing Test LLVM_HAS_ATOMICS
-- Performing Test LLVM_HAS_ATOMICS - Success
-- Performing Test SUPPORTS_VARIADIC_MACROS_FLAG
-- Performing Test SUPPORTS_VARIADIC_MACROS_FLAG - Success
-- Performing Test SUPPORTS_GNU_ZERO_VARIADIC_MACRO_ARGUMENTS_FLAG
-- Performing Test SUPPORTS_GNU_ZERO_VARIADIC_MACRO_ARGUMENTS_FLAG - Success
-- Native target architecture is X86
-- Threads enabled.
-- Doxygen disabled.
-- Go bindings disabled.
-- Ninja version: 1.10.0
-- Could NOT find OCaml (missing: OCAMLFIND OCAML_VERSION OCAML_STDLIB_PATH) 
-- OCaml bindings disabled.
-- Could NOT find Python module pygments
-- Could NOT find Python module pygments.lexers.c_cpp
-- Could NOT find Python module yaml
-- LLVM host triple: x86_64-unknown-linux-gnu
-- LLVM default target triple: x86_64-unknown-linux-gnu
-- Performing Test C_SUPPORTS_FPIC
-- Performing Test C_SUPPORTS_FPIC - Success
-- Performing Test CXX_SUPPORTS_FPIC
-- Performing Test CXX_SUPPORTS_FPIC - Success
-- Building with -fPIC
-- Performing Test C_SUPPORTS_FNO_SEMANTIC_INTERPOSITION
-- Performing Test C_SUPPORTS_FNO_SEMANTIC_INTERPOSITION - Success
-- Performing Test CXX_SUPPORTS_FNO_SEMANTIC_INTERPOSITION
-- Performing Test CXX_SUPPORTS_FNO_SEMANTIC_INTERPOSITION - Success
-- Performing Test SUPPORTS_FVISIBILITY_INLINES_HIDDEN_FLAG
-- Performing Test SUPPORTS_FVISIBILITY_INLINES_HIDDEN_FLAG - Success
-- Performing Test C_SUPPORTS_WERROR_DATE_TIME
-- Performing Test C_SUPPORTS_WERROR_DATE_TIME - Success
-- Performing Test CXX_SUPPORTS_WERROR_DATE_TIME
-- Performing Test CXX_SUPPORTS_WERROR_DATE_TIME - Success
-- Performing Test CXX_SUPPORTS_WERROR_UNGUARDED_AVAILABILITY_NEW
-- Performing Test CXX_SUPPORTS_WERROR_UNGUARDED_AVAILABILITY_NEW - Success
-- Performing Test CXX_SUPPORTS_MISSING_FIELD_INITIALIZERS_FLAG
-- Performing Test CXX_SUPPORTS_MISSING_FIELD_INITIALIZERS_FLAG - Success
-- Performing Test C_SUPPORTS_CXX98_COMPAT_EXTRA_SEMI_FLAG
-- Performing Test C_SUPPORTS_CXX98_COMPAT_EXTRA_SEMI_FLAG - Success
-- Performing Test CXX_SUPPORTS_CXX98_COMPAT_EXTRA_SEMI_FLAG
-- Performing Test CXX_SUPPORTS_CXX98_COMPAT_EXTRA_SEMI_FLAG - Success
-- Performing Test C_SUPPORTS_IMPLICIT_FALLTHROUGH_FLAG
-- Performing Test C_SUPPORTS_IMPLICIT_FALLTHROUGH_FLAG - Success
-- Performing Test CXX_SUPPORTS_IMPLICIT_FALLTHROUGH_FLAG
-- Performing Test CXX_SUPPORTS_IMPLICIT_FALLTHROUGH_FLAG - Success
-- Performing Test C_SUPPORTS_COVERED_SWITCH_DEFAULT_FLAG
-- Performing Test C_SUPPORTS_COVERED_SWITCH_DEFAULT_FLAG - Success
-- Performing Test CXX_SUPPORTS_COVERED_SWITCH_DEFAULT_FLAG
-- Performing Test CXX_SUPPORTS_COVERED_SWITCH_DEFAULT_FLAG - Success
-- Performing Test CXX_SUPPORTS_CLASS_MEMACCESS_FLAG
-- Performing Test CXX_SUPPORTS_CLASS_MEMACCESS_FLAG - Failed
-- Performing Test CXX_SUPPORTS_NOEXCEPT_TYPE_FLAG
-- Performing Test CXX_SUPPORTS_NOEXCEPT_TYPE_FLAG - Success
-- Performing Test CXX_WONT_WARN_ON_FINAL_NONVIRTUALDTOR
-- Performing Test CXX_WONT_WARN_ON_FINAL_NONVIRTUALDTOR - Success
-- Performing Test CXX_SUPPORTS_SUGGEST_OVERRIDE_FLAG
-- Performing Test CXX_SUPPORTS_SUGGEST_OVERRIDE_FLAG - Success
-- Performing Test CXX_WSUGGEST_OVERRIDE_ALLOWS_ONLY_FINAL
-- Performing Test CXX_WSUGGEST_OVERRIDE_ALLOWS_ONLY_FINAL - Success
-- Performing Test C_WCOMMENT_ALLOWS_LINE_WRAP
-- Performing Test C_WCOMMENT_ALLOWS_LINE_WRAP - Success
-- Performing Test C_SUPPORTS_STRING_CONVERSION_FLAG
-- Performing Test C_SUPPORTS_STRING_CONVERSION_FLAG - Success
-- Performing Test CXX_SUPPORTS_STRING_CONVERSION_FLAG
-- Performing Test CXX_SUPPORTS_STRING_CONVERSION_FLAG - Success
-- Performing Test C_SUPPORTS_MISLEADING_INDENTATION_FLAG
-- Performing Test C_SUPPORTS_MISLEADING_INDENTATION_FLAG - Success
-- Performing Test CXX_SUPPORTS_MISLEADING_INDENTATION_FLAG
-- Performing Test CXX_SUPPORTS_MISLEADING_INDENTATION_FLAG - Success
-- Performing Test LINKER_SUPPORTS_COLOR_DIAGNOSTICS
-- Performing Test LINKER_SUPPORTS_COLOR_DIAGNOSTICS - Success
-- Performing Test C_SUPPORTS_FNO_FUNCTION_SECTIONS
-- Performing Test C_SUPPORTS_FNO_FUNCTION_SECTIONS - Success
-- Performing Test C_SUPPORTS_FFUNCTION_SECTIONS
-- Performing Test C_SUPPORTS_FFUNCTION_SECTIONS - Success
-- Performing Test CXX_SUPPORTS_FFUNCTION_SECTIONS
-- Performing Test CXX_SUPPORTS_FFUNCTION_SECTIONS - Success
-- Performing Test C_SUPPORTS_FDATA_SECTIONS
-- Performing Test C_SUPPORTS_FDATA_SECTIONS - Success
-- Performing Test CXX_SUPPORTS_FDATA_SECTIONS
-- Performing Test CXX_SUPPORTS_FDATA_SECTIONS - Success
-- Looking for os_signpost_interval_begin
-- Looking for os_signpost_interval_begin - not found
-- Found Python3: /home/ubuntu/git/itst-develop/venv/bin/python3 (found suitable version "3.8.10", minimum required is "3.0") found components: Interpreter 
-- Linker detection: LLD
-- Performing Test HAS_WERROR_GLOBAL_CTORS
-- Performing Test HAS_WERROR_GLOBAL_CTORS - Success
-- Performing Test LLVM_HAS_NOGLOBAL_CTOR_MUTEX
-- Performing Test LLVM_HAS_NOGLOBAL_CTOR_MUTEX - Success
-- Found Git: /usr/bin/git (found version "2.25.1") 
-- Targeting AArch64
-- Targeting AMDGPU
-- Targeting ARM
-- Targeting AVR
-- Targeting BPF
-- Targeting Hexagon
-- Targeting Lanai
-- Targeting Mips
-- Targeting MSP430
-- Targeting NVPTX
-- Targeting PowerPC
-- Targeting RISCV
-- Targeting Sparc
-- Targeting SystemZ
-- Targeting VE
-- Targeting WebAssembly
-- Targeting X86
-- Targeting XCore
-- Set COMPILER_RESOURCE_DIR to /usr/local/lib/clang/14.0.6 using --print-resource-dir
CMake Warning at /home/ubuntu/.conan/data/llvm/14.0.6/intellisectest+intellisectest-application/stable/source/source/libc/utils/MPFRWrapper/CMakeLists.txt:13 (message):
  Math tests using MPFR will be skipped.


-- Skipping benchmark for 'libc.src.string.bcmp_x86_64_opt_avx512' insufficient host cpu features 'AVX512F'
-- Skipping benchmark for 'libc.src.string.bzero_x86_64_opt_avx512' insufficient host cpu features 'AVX512F'
-- Skipping benchmark for 'libc.src.string.memcmp_x86_64_opt_avx512' insufficient host cpu features 'AVX512F'
-- Skipping benchmark for 'libc.src.string.memcpy_x86_64_opt_avx512' insufficient host cpu features 'AVX512F'
-- Skipping benchmark for 'libc.src.string.memmove_x86_64_opt_avx512' insufficient host cpu features 'AVX512F'
-- Skipping benchmark for 'libc.src.string.memset_x86_64_opt_avx512' insufficient host cpu features 'AVX512F'
CMake Error at /home/ubuntu/.conan/data/cmake/3.21.3/_/_/package/5c09c752508b674ca5cb1f2d327b5a2d582866c8/share/cmake-3.21/Modules/ExternalProject.cmake:3130 (get_property):
  get_property could not find TARGET clang-resource-headers.  Perhaps it has
  not yet been created.
Call Stack (most recent call first):
  /home/ubuntu/.conan/data/cmake/3.21.3/_/_/package/5c09c752508b674ca5cb1f2d327b5a2d582866c8/share/cmake-3.21/Modules/ExternalProject.cmake:3255 (_ep_get_file_deps)
  /home/ubuntu/.conan/data/cmake/3.21.3/_/_/package/5c09c752508b674ca5cb1f2d327b5a2d582866c8/share/cmake-3.21/Modules/ExternalProject.cmake:3703 (_ep_add_configure_command)
  cmake/modules/LLVMExternalProjectUtils.cmake:293 (ExternalProject_Add)
  runtimes/CMakeLists.txt:82 (llvm_ExternalProject_Add)
  runtimes/CMakeLists.txt:140 (builtin_default_target)


CMake Error at /home/ubuntu/.conan/data/cmake/3.21.3/_/_/package/5c09c752508b674ca5cb1f2d327b5a2d582866c8/share/cmake-3.21/Modules/ExternalProject.cmake:3130 (get_property):
  get_property could not find TARGET llvm-config.  Perhaps it has not yet
  been created.
Call Stack (most recent call first):
  /home/ubuntu/.conan/data/cmake/3.21.3/_/_/package/5c09c752508b674ca5cb1f2d327b5a2d582866c8/share/cmake-3.21/Modules/ExternalProject.cmake:3255 (_ep_get_file_deps)
  /home/ubuntu/.conan/data/cmake/3.21.3/_/_/package/5c09c752508b674ca5cb1f2d327b5a2d582866c8/share/cmake-3.21/Modules/ExternalProject.cmake:3703 (_ep_add_configure_command)
  cmake/modules/LLVMExternalProjectUtils.cmake:293 (ExternalProject_Add)
  runtimes/CMakeLists.txt:82 (llvm_ExternalProject_Add)
  runtimes/CMakeLists.txt:140 (builtin_default_target)


CMake Error at /home/ubuntu/.conan/data/cmake/3.21.3/_/_/package/5c09c752508b674ca5cb1f2d327b5a2d582866c8/share/cmake-3.21/Modules/ExternalProject.cmake:3130 (get_property):
  get_property could not find TARGET llvm-config.  Perhaps it has not yet
  been created.
Call Stack (most recent call first):
  /home/ubuntu/.conan/data/cmake/3.21.3/_/_/package/5c09c752508b674ca5cb1f2d327b5a2d582866c8/share/cmake-3.21/Modules/ExternalProject.cmake:3255 (_ep_get_file_deps)
  /home/ubuntu/.conan/data/cmake/3.21.3/_/_/package/5c09c752508b674ca5cb1f2d327b5a2d582866c8/share/cmake-3.21/Modules/ExternalProject.cmake:3703 (_ep_add_configure_command)
  cmake/modules/LLVMExternalProjectUtils.cmake:293 (ExternalProject_Add)
  runtimes/CMakeLists.txt:232 (llvm_ExternalProject_Add)
  runtimes/CMakeLists.txt:375 (runtime_default_target)


CMake Error at /home/ubuntu/.conan/data/cmake/3.21.3/_/_/package/5c09c752508b674ca5cb1f2d327b5a2d582866c8/share/cmake-3.21/Modules/ExternalProject.cmake:3132 (get_property):
  get_property could not find TARGET llvm-config.  Perhaps it has not yet
  been created.
Call Stack (most recent call first):
  /home/ubuntu/.conan/data/cmake/3.21.3/_/_/package/5c09c752508b674ca5cb1f2d327b5a2d582866c8/share/cmake-3.21/Modules/ExternalProject.cmake:3255 (_ep_get_file_deps)
  /home/ubuntu/.conan/data/cmake/3.21.3/_/_/package/5c09c752508b674ca5cb1f2d327b5a2d582866c8/share/cmake-3.21/Modules/ExternalProject.cmake:3703 (_ep_add_configure_command)
  cmake/modules/LLVMExternalProjectUtils.cmake:293 (ExternalProject_Add)
  runtimes/CMakeLists.txt:232 (llvm_ExternalProject_Add)
  runtimes/CMakeLists.txt:375 (runtime_default_target)


CMake Error at /home/ubuntu/.conan/data/cmake/3.21.3/_/_/package/5c09c752508b674ca5cb1f2d327b5a2d582866c8/share/cmake-3.21/Modules/ExternalProject.cmake:1820 (get_property):
  get_property could not find TARGET llvm-config.  Perhaps it has not yet
  been created.
Call Stack (most recent call first):
  /home/ubuntu/.conan/data/cmake/3.21.3/_/_/package/5c09c752508b674ca5cb1f2d327b5a2d582866c8/share/cmake-3.21/Modules/ExternalProject.cmake:2107 (ExternalProject_Get_Property)
  /home/ubuntu/.conan/data/cmake/3.21.3/_/_/package/5c09c752508b674ca5cb1f2d327b5a2d582866c8/share/cmake-3.21/Modules/ExternalProject.cmake:3134 (_ep_get_step_stampfile)
  /home/ubuntu/.conan/data/cmake/3.21.3/_/_/package/5c09c752508b674ca5cb1f2d327b5a2d582866c8/share/cmake-3.21/Modules/ExternalProject.cmake:3255 (_ep_get_file_deps)
  /home/ubuntu/.conan/data/cmake/3.21.3/_/_/package/5c09c752508b674ca5cb1f2d327b5a2d582866c8/share/cmake-3.21/Modules/ExternalProject.cmake:3703 (_ep_add_configure_command)
  cmake/modules/LLVMExternalProjectUtils.cmake:293 (ExternalProject_Add)
  runtimes/CMakeLists.txt:232 (llvm_ExternalProject_Add)
  runtimes/CMakeLists.txt:375 (runtime_default_target)


CMake Error at /home/ubuntu/.conan/data/cmake/3.21.3/_/_/package/5c09c752508b674ca5cb1f2d327b5a2d582866c8/share/cmake-3.21/Modules/ExternalProject.cmake:1822 (message):
  External project "llvm-config" has no stamp_dir
Call Stack (most recent call first):
  /home/ubuntu/.conan/data/cmake/3.21.3/_/_/package/5c09c752508b674ca5cb1f2d327b5a2d582866c8/share/cmake-3.21/Modules/ExternalProject.cmake:2107 (ExternalProject_Get_Property)
  /home/ubuntu/.conan/data/cmake/3.21.3/_/_/package/5c09c752508b674ca5cb1f2d327b5a2d582866c8/share/cmake-3.21/Modules/ExternalProject.cmake:3134 (_ep_get_step_stampfile)
  /home/ubuntu/.conan/data/cmake/3.21.3/_/_/package/5c09c752508b674ca5cb1f2d327b5a2d582866c8/share/cmake-3.21/Modules/ExternalProject.cmake:3255 (_ep_get_file_deps)
  /home/ubuntu/.conan/data/cmake/3.21.3/_/_/package/5c09c752508b674ca5cb1f2d327b5a2d582866c8/share/cmake-3.21/Modules/ExternalProject.cmake:3703 (_ep_add_configure_command)
  cmake/modules/LLVMExternalProjectUtils.cmake:293 (ExternalProject_Add)
  runtimes/CMakeLists.txt:232 (llvm_ExternalProject_Add)
  runtimes/CMakeLists.txt:375 (runtime_default_target)


-- Configuring incomplete, errors occurred!
See also "/home/ubuntu/.conan/data/llvm/14.0.6/intellisectest+intellisectest-application/stable/build/0c08617941e1fd8086a2a8ec99cd05cf36b19eef/CMakeFiles/CMakeOutput.log".
See also "/home/ubuntu/.conan/data/llvm/14.0.6/intellisectest+intellisectest-application/stable/build/0c08617941e1fd8086a2a8ec99cd05cf36b19eef/CMakeFiles/CMakeError.log".
llvm/14.0.6@intellisectest+intellisectest-application/stable: 
llvm/14.0.6@intellisectest+intellisectest-application/stable: ERROR: Package '0c08617941e1fd8086a2a8ec99cd05cf36b19eef' build failed
llvm/14.0.6@intellisectest+intellisectest-application/stable: WARN: Build folder /home/ubuntu/.conan/data/llvm/14.0.6/intellisectest+intellisectest-application/stable/build/0c08617941e1fd8086a2a8ec99cd05cf36b19eef
ERROR: llvm/14.0.6@intellisectest+intellisectest-application/stable: Error in build() method, line 237
	cmake = self._cmake_configure()
while calling '_cmake_configure', line 171
	cmake.configure(defs={
	ConanException: Error 1 while executing cd '/home/ubuntu/.conan/data/llvm/14.0.6/intellisectest+intellisectest-application/stable/build/0c08617941e1fd8086a2a8ec99cd05cf36b19eef' && cmake -G "Ninja" -DCMAKE_BUILD_TYPE="Release" -DCONAN_IN_LOCAL_CACHE="ON" -DCONAN_COMPILER="clang" -DCONAN_COMPILER_VERSION="14" -DCONAN_CXX_FLAGS="-m64" -DCONAN_SHARED_LINKER_FLAGS="-m64" -DCONAN_C_FLAGS="-m64" -DCONAN_LIBCXX="libstdc++11" -DBUILD_SHARED_LIBS="OFF" -DCMAKE_INSTALL_PREFIX="/home/ubuntu/.conan/data/llvm/14.0.6/intellisectest+intellisectest-application/stable/package/0c08617941e1fd8086a2a8ec99cd05cf36b19eef" -DCMAKE_INSTALL_BINDIR="bin" -DCMAKE_INSTALL_SBINDIR="bin" -DCMAKE_INSTALL_LIBEXECDIR="bin" -DCMAKE_INSTALL_LIBDIR="lib" -DCMAKE_INSTALL_INCLUDEDIR="include" -DCMAKE_INSTALL_OLDINCLUDEDIR="include" -DCMAKE_INSTALL_DATAROOTDIR="share" -DCONAN_CMAKE_POSITION_INDEPENDENT_CODE="ON" -DCMAKE_MODULE_PATH="/home/ubuntu/.conan/data/llvm/14.0.6/intellisectest+intellisectest-application/stable/build/0c08617941e1fd8086a2a8ec99cd05cf36b19eef" -DCMAKE_EXPORT_NO_PACKAGE_REGISTRY="ON" -DCONAN_EXPORTED="1" -Wno-dev -DBUILD_SHARED_LIBS="False" -DCMAKE_SKIP_RPATH="True" -DCMAKE_POSITION_INDEPENDENT_CODE="True" -DLLVM_TARGET_ARCH="host" -DLLVM_TARGETS_TO_BUILD="all" -DLLVM_BUILD_LLVM_DYLIB="False" -DLLVM_DYLIB_COMPONENTS="all" -DLLVM_ENABLE_PIC="True" -DLLVM_ABI_BREAKING_CHECKS="WITH_ASSERTS" -DLLVM_ENABLE_WARNINGS="True" -DLLVM_ENABLE_PEDANTIC="True" -DLLVM_ENABLE_WERROR="False" -DLLVM_TEMPORARILY_ALLOW_OLD_TOOLCHAIN="True" -DLLVM_USE_RELATIVE_PATHS_IN_DEBUG_INFO="False" -DLLVM_BUILD_INSTRUMENTED_COVERAGE="False" -DLLVM_OPTIMIZED_TABLEGEN="True" -DLLVM_REVERSE_ITERATION="False" -DLLVM_ENABLE_BINDINGS="False" -DLLVM_CCACHE_BUILD="False" -DLLVM_INCLUDE_TOOLS="False" -DLLVM_INCLUDE_EXAMPLES="False" -DLLVM_INCLUDE_TESTS="False" -DLLVM_INCLUDE_BENCHMARKS="False" -DLLVM_APPEND_VC_REV="False" -DLLVM_BUILD_DOCS="False" -DLLVM_ENABLE_IDE="False" -DLLVM_ENABLE_TERMINFO="False" -DLLVM_ENABLE_EH="True" -DLLVM_ENABLE_RTTI="True" -DLLVM_ENABLE_THREADS="True" -DLLVM_ENABLE_LTO="Off" -DLLVM_STATIC_LINK_CXX_STDLIB="False" -DLLVM_ENABLE_UNWIND_TABLES="True" -DLLVM_ENABLE_EXPENSIVE_CHECKS="False" -DLLVM_ENABLE_ASSERTIONS="False" -DLLVM_USE_NEWPM="False" -DLLVM_USE_OPROFILE="False" -DLLVM_USE_PERF="False" -DLLVM_ENABLE_Z3_SOLVER="False" -DLLVM_ENABLE_LIBPFM="False" -DLLVM_ENABLE_LIBEDIT="False" -DLLVM_ENABLE_FFI="False" -DLLVM_ENABLE_ZLIB="True" -DLLVM_ENABLE_LIBXML2="True" -DLLVM_ENABLE_PROJECTS="clang;clang-tools-extra;libc;libclc" -DLLVM_ENABLE_RUNTIMES="compiler-rt;libc;libcxx;libcxxabi;libunwind;openmp" '/home/ubuntu/.conan/data/llvm/14.0.6/intellisectest+intellisectest-application/stable/source/source/llvm'
